-------------------------------------------------------------------
- Test Results With 2 pcs
-------------------------------------------------------------------
Total Time[0.0773 secs] for action[intialize_mean_images]
Total Time[9.7361 secs] for action[svds]
Total Time[9.8144 secs] for action[initialize]
FullTestSet: test image[0][1] result[True]
FullTestSet: test image[1][16] result[True]
FullTestSet: test image[2][23] result[True]
FullTestSet: test image[3][32] result[True]
FullTestSet: test image[4][73] result[False]
FullTestSet: test image[5][50] result[True]
FullTestSet: test image[6][74] result[False]
FullTestSet: test image[7][8] result[False]
FullTestSet: test image[8][182] result[False]
FullTestSet: test image[9][82] result[True]
FullTestSet: test image[10][234] result[False]
FullTestSet: test image[11][307] result[False]
FullTestSet: test image[12][112] result[True]
FullTestSet: test image[13][163] result[False]
FullTestSet: test image[14][127] result[True]
FullTestSet: test image[15][135] result[True]
FullTestSet: test image[16][147] result[True]
FullTestSet: test image[17][159] result[True]
FullTestSet: test image[18][170] result[True]
FullTestSet: test image[19][175] result[True]
FullTestSet: test image[20][158] result[False]
FullTestSet: test image[21][190] result[True]
FullTestSet: test image[22][203] result[True]
FullTestSet: test image[23][28] result[False]
FullTestSet: test image[24][119] result[False]
FullTestSet: test image[25][35] result[False]
FullTestSet: test image[26][96] result[False]
FullTestSet: test image[27][248] result[True]
FullTestSet: test image[28][258] result[True]
FullTestSet: test image[29][262] result[True]
FullTestSet: test image[30][275] result[True]
FullTestSet: test image[31][282] result[True]
FullTestSet: test image[32][292] result[True]
FullTestSet: test image[33][180] result[False]
FullTestSet: test image[34][210] result[False]
FullTestSet: test image[35][315] result[True]
FullTestSet: test image[36][73] result[False]
FullTestSet: test image[37][308] result[False]
FullTestSet: test image[38][90] result[False]
FullTestSet: test image[39][356] result[True]
FullTestSet: final result[57.50%]
FullTestSet: mean image[0][1] result[True]
FullTestSet: mean image[1][64] result[False]
FullTestSet: mean image[2][354] result[False]
FullTestSet: mean image[3][221] result[False]
FullTestSet: mean image[4][27] result[False]
FullTestSet: mean image[5][49] result[True]
FullTestSet: mean image[6][86] result[False]
FullTestSet: mean image[7][15] result[False]
FullTestSet: mean image[8][77] result[True]
FullTestSet: mean image[9][81] result[True]
FullTestSet: mean image[10][96] result[True]
FullTestSet: mean image[11][105] result[True]
FullTestSet: mean image[12][116] result[True]
FullTestSet: mean image[13][118] result[True]
FullTestSet: mean image[14][131] result[True]
FullTestSet: mean image[15][138] result[True]
FullTestSet: mean image[16][283] result[False]
FullTestSet: mean image[17][27] result[False]
FullTestSet: mean image[18][357] result[False]
FullTestSet: mean image[19][171] result[True]
FullTestSet: mean image[20][186] result[True]
FullTestSet: mean image[21][196] result[True]
FullTestSet: mean image[22][92] result[False]
FullTestSet: mean image[23][157] result[False]
FullTestSet: mean image[24][221] result[True]
FullTestSet: mean image[25][84] result[False]
FullTestSet: mean image[26][349] result[False]
FullTestSet: mean image[27][246] result[True]
FullTestSet: mean image[28][110] result[False]
FullTestSet: mean image[29][262] result[True]
FullTestSet: mean image[30][272] result[True]
FullTestSet: mean image[31][150] result[False]
FullTestSet: mean image[32][174] result[False]
FullTestSet: mean image[33][169] result[False]
FullTestSet: mean image[34][310] result[True]
FullTestSet: mean image[35][66] result[False]
FullTestSet: mean image[36][152] result[False]
FullTestSet: mean image[37][30] result[False]
FullTestSet: mean image[38][95] result[False]
FullTestSet: mean image[39][174] result[False]
FullTestSet: final result[45.00%]
Total Time[0.0098 secs] for action[intialize_mean_images]
Total Time[0.2367 secs] for action[svds]
Total Time[0.2475 secs] for action[initialize]
MeanTestSet: test image[0][0] result[True]
MeanTestSet: test image[1][1] result[True]
MeanTestSet: test image[2][2] result[True]
MeanTestSet: test image[3][6] result[False]
MeanTestSet: test image[4][3] result[False]
MeanTestSet: test image[5][5] result[True]
MeanTestSet: test image[6][8] result[False]
MeanTestSet: test image[7][35] result[False]
MeanTestSet: test image[8][4] result[False]
MeanTestSet: test image[9][9] result[True]
MeanTestSet: test image[10][26] result[False]
MeanTestSet: test image[11][11] result[True]
MeanTestSet: test image[12][28] result[False]
MeanTestSet: test image[13][33] result[False]
MeanTestSet: test image[14][24] result[False]
MeanTestSet: test image[15][15] result[True]
MeanTestSet: test image[16][31] result[False]
MeanTestSet: test image[17][23] result[False]
MeanTestSet: test image[18][34] result[False]
MeanTestSet: test image[19][19] result[True]
MeanTestSet: test image[20][17] result[False]
MeanTestSet: test image[21][21] result[True]
MeanTestSet: test image[22][26] result[False]
MeanTestSet: test image[23][20] result[False]
MeanTestSet: test image[24][37] result[False]
MeanTestSet: test image[25][25] result[True]
MeanTestSet: test image[26][10] result[False]
MeanTestSet: test image[27][15] result[False]
MeanTestSet: test image[28][12] result[False]
MeanTestSet: test image[29][29] result[True]
MeanTestSet: test image[30][30] result[True]
MeanTestSet: test image[31][1] result[False]
MeanTestSet: test image[32][2] result[False]
MeanTestSet: test image[33][4] result[False]
MeanTestSet: test image[34][23] result[False]
MeanTestSet: test image[35][35] result[True]
MeanTestSet: test image[36][3] result[False]
MeanTestSet: test image[37][23] result[False]
MeanTestSet: test image[38][10] result[False]
MeanTestSet: test image[39][32] result[False]
MeanTestSet: final result[32.50%]



-------------------------------------------------------------------
- Test Results With 4 pcs
-------------------------------------------------------------------
Total Time[0.0771 secs] for action[intialize_mean_images]
Total Time[9.7293 secs] for action[svds]
Total Time[9.8074 secs] for action[initialize]
FullTestSet: test image[0][1] result[True]
FullTestSet: test image[1][16] result[True]
FullTestSet: test image[2][289] result[False]
FullTestSet: test image[3][32] result[True]
FullTestSet: test image[4][37] result[True]
FullTestSet: test image[5][51] result[True]
FullTestSet: test image[6][55] result[True]
FullTestSet: test image[7][69] result[True]
FullTestSet: test image[8][27] result[False]
FullTestSet: test image[9][81] result[True]
FullTestSet: test image[10][93] result[True]
FullTestSet: test image[11][107] result[True]
FullTestSet: test image[12][111] result[True]
FullTestSet: test image[13][121] result[True]
FullTestSet: test image[14][127] result[True]
FullTestSet: test image[15][135] result[True]
FullTestSet: test image[16][147] result[True]
FullTestSet: test image[17][159] result[True]
FullTestSet: test image[18][170] result[True]
FullTestSet: test image[19][179] result[True]
FullTestSet: test image[20][185] result[True]
FullTestSet: test image[21][193] result[True]
FullTestSet: test image[22][203] result[True]
FullTestSet: test image[23][214] result[True]
FullTestSet: test image[24][220] result[True]
FullTestSet: test image[25][228] result[True]
FullTestSet: test image[26][345] result[False]
FullTestSet: test image[27][248] result[True]
FullTestSet: test image[28][258] result[True]
FullTestSet: test image[29][262] result[True]
FullTestSet: test image[30][206] result[False]
FullTestSet: test image[31][282] result[True]
FullTestSet: test image[32][289] result[True]
FullTestSet: test image[33][221] result[False]
FullTestSet: test image[34][312] result[True]
FullTestSet: test image[35][315] result[True]
FullTestSet: test image[36][159] result[False]
FullTestSet: test image[37][170] result[False]
FullTestSet: test image[38][115] result[False]
FullTestSet: test image[39][356] result[True]
FullTestSet: final result[80.00%]
FullTestSet: mean image[0][1] result[True]
FullTestSet: mean image[1][17] result[True]
FullTestSet: mean image[2][19] result[True]
FullTestSet: mean image[3][77] result[False]
FullTestSet: mean image[4][38] result[True]
FullTestSet: mean image[5][49] result[True]
FullTestSet: mean image[6][61] result[True]
FullTestSet: mean image[7][9] result[False]
FullTestSet: mean image[8][75] result[True]
FullTestSet: mean image[9][81] result[True]
FullTestSet: mean image[10][97] result[True]
FullTestSet: mean image[11][105] result[True]
FullTestSet: mean image[12][114] result[True]
FullTestSet: mean image[13][118] result[True]
FullTestSet: mean image[14][36] result[False]
FullTestSet: mean image[15][138] result[True]
FullTestSet: mean image[16][151] result[True]
FullTestSet: mean image[17][158] result[True]
FullTestSet: mean image[18][166] result[True]
FullTestSet: mean image[19][175] result[True]
FullTestSet: mean image[20][341] result[False]
FullTestSet: mean image[21][196] result[True]
FullTestSet: mean image[22][93] result[False]
FullTestSet: mean image[23][215] result[True]
FullTestSet: mean image[24][77] result[False]
FullTestSet: mean image[25][59] result[False]
FullTestSet: mean image[26][237] result[True]
FullTestSet: mean image[27][246] result[True]
FullTestSet: mean image[28][256] result[True]
FullTestSet: mean image[29][262] result[True]
FullTestSet: mean image[30][199] result[False]
FullTestSet: mean image[31][279] result[True]
FullTestSet: mean image[32][294] result[True]
FullTestSet: mean image[33][302] result[True]
FullTestSet: mean image[34][310] result[True]
FullTestSet: mean image[35][318] result[True]
FullTestSet: mean image[36][330] result[True]
FullTestSet: mean image[37][306] result[False]
FullTestSet: mean image[38][109] result[False]
FullTestSet: mean image[39][352] result[True]
FullTestSet: final result[75.00%]
Total Time[0.0075 secs] for action[intialize_mean_images]
Total Time[0.2579 secs] for action[svds]
Total Time[0.2663 secs] for action[initialize]
MeanTestSet: test image[0][0] result[True]
MeanTestSet: test image[1][1] result[True]
MeanTestSet: test image[2][2] result[True]
MeanTestSet: test image[3][24] result[False]
MeanTestSet: test image[4][4] result[True]
MeanTestSet: test image[5][5] result[True]
MeanTestSet: test image[6][6] result[True]
MeanTestSet: test image[7][7] result[True]
MeanTestSet: test image[8][3] result[False]
MeanTestSet: test image[9][9] result[True]
MeanTestSet: test image[10][22] result[False]
MeanTestSet: test image[11][11] result[True]
MeanTestSet: test image[12][12] result[True]
MeanTestSet: test image[13][11] result[False]
MeanTestSet: test image[14][37] result[False]
MeanTestSet: test image[15][15] result[True]
MeanTestSet: test image[16][31] result[False]
MeanTestSet: test image[17][17] result[True]
MeanTestSet: test image[18][34] result[False]
MeanTestSet: test image[19][19] result[True]
MeanTestSet: test image[20][4] result[False]
MeanTestSet: test image[21][21] result[True]
MeanTestSet: test image[22][22] result[True]
MeanTestSet: test image[23][23] result[True]
MeanTestSet: test image[24][11] result[False]
MeanTestSet: test image[25][9] result[False]
MeanTestSet: test image[26][26] result[True]
MeanTestSet: test image[27][27] result[True]
MeanTestSet: test image[28][27] result[False]
MeanTestSet: test image[29][29] result[True]
MeanTestSet: test image[30][30] result[True]
MeanTestSet: test image[31][16] result[False]
MeanTestSet: test image[32][2] result[False]
MeanTestSet: test image[33][24] result[False]
MeanTestSet: test image[34][23] result[False]
MeanTestSet: test image[35][35] result[True]
MeanTestSet: test image[36][17] result[False]
MeanTestSet: test image[37][37] result[True]
MeanTestSet: test image[38][38] result[True]
MeanTestSet: test image[39][39] result[True]
FullTestSet: final result[60.00%]



-------------------------------------------------------------------
- Test Results With 6 pcs
-------------------------------------------------------------------
Total Time[0.0775 secs] for action[intialize_mean_images]
Total Time[9.7100 secs] for action[svds]
Total Time[9.7886 secs] for action[initialize]
FullTestSet: test image[0][4] result[True]
FullTestSet: test image[1][16] result[True]
FullTestSet: test image[2][22] result[True]
FullTestSet: test image[3][32] result[True]
FullTestSet: test image[4][37] result[True]
FullTestSet: test image[5][50] result[True]
FullTestSet: test image[6][55] result[True]
FullTestSet: test image[7][69] result[True]
FullTestSet: test image[8][73] result[True]
FullTestSet: test image[9][81] result[True]
FullTestSet: test image[10][96] result[True]
FullTestSet: test image[11][107] result[True]
FullTestSet: test image[12][111] result[True]
FullTestSet: test image[13][121] result[True]
FullTestSet: test image[14][127] result[True]
FullTestSet: test image[15][135] result[True]
FullTestSet: test image[16][144] result[True]
FullTestSet: test image[17][159] result[True]
FullTestSet: test image[18][170] result[True]
FullTestSet: test image[19][179] result[True]
FullTestSet: test image[20][185] result[True]
FullTestSet: test image[21][191] result[True]
FullTestSet: test image[22][203] result[True]
FullTestSet: test image[23][214] result[True]
FullTestSet: test image[24][297] result[False]
FullTestSet: test image[25][228] result[True]
FullTestSet: test image[26][345] result[False]
FullTestSet: test image[27][248] result[True]
FullTestSet: test image[28][258] result[True]
FullTestSet: test image[29][262] result[True]
FullTestSet: test image[30][274] result[True]
FullTestSet: test image[31][282] result[True]
FullTestSet: test image[32][296] result[True]
FullTestSet: test image[33][220] result[False]
FullTestSet: test image[34][312] result[True]
FullTestSet: test image[35][315] result[True]
FullTestSet: test image[36][88] result[False]
FullTestSet: test image[37][210] result[False]
FullTestSet: test image[38][345] result[True]
FullTestSet: test image[39][356] result[True]
FullTestSet: final result[87.50%]
FullTestSet: mean image[0][3] result[True]
FullTestSet: mean image[1][14] result[True]
FullTestSet: mean image[2][19] result[True]
FullTestSet: mean image[3][221] result[False]
FullTestSet: mean image[4][38] result[True]
FullTestSet: mean image[5][45] result[True]
FullTestSet: mean image[6][61] result[True]
FullTestSet: mean image[7][66] result[True]
FullTestSet: mean image[8][75] result[True]
FullTestSet: mean image[9][81] result[True]
FullTestSet: mean image[10][206] result[False]
FullTestSet: mean image[11][107] result[True]
FullTestSet: mean image[12][114] result[True]
FullTestSet: mean image[13][125] result[True]
FullTestSet: mean image[14][131] result[True]
FullTestSet: mean image[15][138] result[True]
FullTestSet: mean image[16][151] result[True]
FullTestSet: mean image[17][158] result[True]
FullTestSet: mean image[18][166] result[True]
FullTestSet: mean image[19][173] result[True]
FullTestSet: mean image[20][183] result[True]
FullTestSet: mean image[21][191] result[True]
FullTestSet: mean image[22][94] result[False]
FullTestSet: mean image[23][211] result[True]
FullTestSet: mean image[24][221] result[True]
FullTestSet: mean image[25][227] result[True]
FullTestSet: mean image[26][342] result[False]
FullTestSet: mean image[27][246] result[True]
FullTestSet: mean image[28][256] result[True]
FullTestSet: mean image[29][262] result[True]
FullTestSet: mean image[30][199] result[False]
FullTestSet: mean image[31][279] result[True]
FullTestSet: mean image[32][294] result[True]
FullTestSet: mean image[33][303] result[True]
FullTestSet: mean image[34][310] result[True]
FullTestSet: mean image[35][318] result[True]
FullTestSet: mean image[36][330] result[True]
FullTestSet: mean image[37][306] result[False]
FullTestSet: mean image[38][343] result[True]
FullTestSet: mean image[39][352] result[True]
FullTestSet: final result[85.00%]
Total Time[0.0074 secs] for action[intialize_mean_images]
Total Time[0.2391 secs] for action[svds]
Total Time[0.2474 secs] for action[initialize]
MeanTestSet: test image[0][0] result[True]
MeanTestSet: test image[1][1] result[True]
MeanTestSet: test image[2][2] result[True]
MeanTestSet: test image[3][3] result[True]
MeanTestSet: test image[4][4] result[True]
MeanTestSet: test image[5][5] result[True]
MeanTestSet: test image[6][6] result[True]
MeanTestSet: test image[7][7] result[True]
MeanTestSet: test image[8][8] result[True]
MeanTestSet: test image[9][9] result[True]
MeanTestSet: test image[10][10] result[True]
MeanTestSet: test image[11][11] result[True]
MeanTestSet: test image[12][12] result[True]
MeanTestSet: test image[13][11] result[False]
MeanTestSet: test image[14][14] result[True]
MeanTestSet: test image[15][15] result[True]
MeanTestSet: test image[16][16] result[True]
MeanTestSet: test image[17][17] result[True]
MeanTestSet: test image[18][18] result[True]
MeanTestSet: test image[19][19] result[True]
MeanTestSet: test image[20][20] result[True]
MeanTestSet: test image[21][21] result[True]
MeanTestSet: test image[22][22] result[True]
MeanTestSet: test image[23][23] result[True]
MeanTestSet: test image[24][3] result[False]
MeanTestSet: test image[25][9] result[False]
MeanTestSet: test image[26][26] result[True]
MeanTestSet: test image[27][27] result[True]
MeanTestSet: test image[28][27] result[False]
MeanTestSet: test image[29][29] result[True]
MeanTestSet: test image[30][30] result[True]
MeanTestSet: test image[31][31] result[True]
MeanTestSet: test image[32][2] result[False]
MeanTestSet: test image[33][3] result[False]
MeanTestSet: test image[34][34] result[True]
MeanTestSet: test image[35][35] result[True]
MeanTestSet: test image[36][36] result[True]
MeanTestSet: test image[37][37] result[True]
MeanTestSet: test image[38][38] result[True]
MeanTestSet: test image[39][39] result[True]
MeanTestSet: final result[85.00%]



-------------------------------------------------------------------
- Test Results With 9 pcs
-------------------------------------------------------------------
Total Time[0.0774 secs] for action[intialize_mean_images]
Total Time[10.6861 secs] for action[svds]
Total Time[10.7645 secs] for action[initialize]
FullTestSet: test image[0][4] result[True]
FullTestSet: test image[1][17] result[True]
FullTestSet: test image[2][22] result[True]
FullTestSet: test image[3][29] result[True]
FullTestSet: test image[4][37] result[True]
FullTestSet: test image[5][50] result[True]
FullTestSet: test image[6][55] result[True]
FullTestSet: test image[7][69] result[True]
FullTestSet: test image[8][73] result[True]
FullTestSet: test image[9][82] result[True]
FullTestSet: test image[10][96] result[True]
FullTestSet: test image[11][107] result[True]
FullTestSet: test image[12][111] result[True]
FullTestSet: test image[13][121] result[True]
FullTestSet: test image[14][127] result[True]
FullTestSet: test image[15][135] result[True]
FullTestSet: test image[16][147] result[True]
FullTestSet: test image[17][159] result[True]
FullTestSet: test image[18][170] result[True]
FullTestSet: test image[19][179] result[True]
FullTestSet: test image[20][185] result[True]
FullTestSet: test image[21][196] result[True]
FullTestSet: test image[22][203] result[True]
FullTestSet: test image[23][214] result[True]
FullTestSet: test image[24][220] result[True]
FullTestSet: test image[25][228] result[True]
FullTestSet: test image[26][237] result[True]
FullTestSet: test image[27][248] result[True]
FullTestSet: test image[28][258] result[True]
FullTestSet: test image[29][262] result[True]
FullTestSet: test image[30][274] result[True]
FullTestSet: test image[31][282] result[True]
FullTestSet: test image[32][289] result[True]
FullTestSet: test image[33][297] result[True]
FullTestSet: test image[34][312] result[True]
FullTestSet: test image[35][315] result[True]
FullTestSet: test image[36][88] result[False]
FullTestSet: test image[37][212] result[False]
FullTestSet: test image[38][345] result[True]
FullTestSet: test image[39][356] result[True]
FullTestSet: final result[95.00%]
FullTestSet: mean image[0][1] result[True]
FullTestSet: mean image[1][14] result[True]
FullTestSet: mean image[2][19] result[True]
FullTestSet: mean image[3][35] result[True]
FullTestSet: mean image[4][38] result[True]
FullTestSet: mean image[5][45] result[True]
FullTestSet: mean image[6][61] result[True]
FullTestSet: mean image[7][70] result[True]
FullTestSet: mean image[8][75] result[True]
FullTestSet: mean image[9][82] result[True]
FullTestSet: mean image[10][92] result[True]
FullTestSet: mean image[11][105] result[True]
FullTestSet: mean image[12][111] result[True]
FullTestSet: mean image[13][125] result[True]
FullTestSet: mean image[14][134] result[True]
FullTestSet: mean image[15][138] result[True]
FullTestSet: mean image[16][150] result[True]
FullTestSet: mean image[17][158] result[True]
FullTestSet: mean image[18][166] result[True]
FullTestSet: mean image[19][173] result[True]
FullTestSet: mean image[20][183] result[True]
FullTestSet: mean image[21][196] result[True]
FullTestSet: mean image[22][93] result[False]
FullTestSet: mean image[23][208] result[True]
FullTestSet: mean image[24][221] result[True]
FullTestSet: mean image[25][227] result[True]
FullTestSet: mean image[26][235] result[True]
FullTestSet: mean image[27][246] result[True]
FullTestSet: mean image[28][256] result[True]
FullTestSet: mean image[29][262] result[True]
FullTestSet: mean image[30][272] result[True]
FullTestSet: mean image[31][279] result[True]
FullTestSet: mean image[32][292] result[True]
FullTestSet: mean image[33][303] result[True]
FullTestSet: mean image[34][311] result[True]
FullTestSet: mean image[35][318] result[True]
FullTestSet: mean image[36][332] result[True]
FullTestSet: mean image[37][341] result[True]
FullTestSet: mean image[38][345] result[True]
FullTestSet: mean image[39][351] result[True]
FullTestSet: final result[97.50%]
Total Time[0.0101 secs] for action[intialize_mean_images]
Total Time[0.2866 secs] for action[svds]
Total Time[0.2976 secs] for action[initialize]
MeanTestSet: test image[0][0] result[True]
MeanTestSet: test image[1][1] result[True]
MeanTestSet: test image[2][2] result[True]
MeanTestSet: test image[3][3] result[True]
MeanTestSet: test image[4][4] result[True]
MeanTestSet: test image[5][5] result[True]
MeanTestSet: test image[6][6] result[True]
MeanTestSet: test image[7][7] result[True]
MeanTestSet: test image[8][8] result[True]
MeanTestSet: test image[9][9] result[True]
MeanTestSet: test image[10][22] result[False]
MeanTestSet: test image[11][11] result[True]
MeanTestSet: test image[12][12] result[True]
MeanTestSet: test image[13][13] result[True]
MeanTestSet: test image[14][14] result[True]
MeanTestSet: test image[15][15] result[True]
MeanTestSet: test image[16][16] result[True]
MeanTestSet: test image[17][17] result[True]
MeanTestSet: test image[18][18] result[True]
MeanTestSet: test image[19][19] result[True]
MeanTestSet: test image[20][20] result[True]
MeanTestSet: test image[21][21] result[True]
MeanTestSet: test image[22][22] result[True]
MeanTestSet: test image[23][23] result[True]
MeanTestSet: test image[24][24] result[True]
MeanTestSet: test image[25][9] result[False]
MeanTestSet: test image[26][26] result[True]
MeanTestSet: test image[27][27] result[True]
MeanTestSet: test image[28][28] result[True]
MeanTestSet: test image[29][29] result[True]
MeanTestSet: test image[30][30] result[True]
MeanTestSet: test image[31][31] result[True]
MeanTestSet: test image[32][2] result[False]
MeanTestSet: test image[33][33] result[True]
MeanTestSet: test image[34][34] result[True]
MeanTestSet: test image[35][35] result[True]
MeanTestSet: test image[36][20] result[False]
MeanTestSet: test image[37][37] result[True]
MeanTestSet: test image[38][38] result[True]
MeanTestSet: test image[39][39] result[True]
MeanTestSet: final result[90.00%]



-------------------------------------------------------------------
- Test Results With all pcs
-------------------------------------------------------------------
Total Time[0.0771 secs] for action[intialize_mean_images]
Total Time[9.6843 secs] for action[svds]
Total Time[9.7625 secs] for action[initialize]
FullTestSet: test image[0][4] result[True]
FullTestSet: test image[1][17] result[True]
FullTestSet: test image[2][26] result[True]
FullTestSet: test image[3][29] result[True]
FullTestSet: test image[4][37] result[True]
FullTestSet: test image[5][50] result[True]
FullTestSet: test image[6][55] result[True]
FullTestSet: test image[7][69] result[True]
FullTestSet: test image[8][72] result[True]
FullTestSet: test image[9][82] result[True]
FullTestSet: test image[10][96] result[True]
FullTestSet: test image[11][101] result[True]
FullTestSet: test image[12][111] result[True]
FullTestSet: test image[13][121] result[True]
FullTestSet: test image[14][126] result[True]
FullTestSet: test image[15][135] result[True]
FullTestSet: test image[16][144] result[True]
FullTestSet: test image[17][159] result[True]
FullTestSet: test image[18][170] result[True]
FullTestSet: test image[19][172] result[True]
FullTestSet: test image[20][185] result[True]
FullTestSet: test image[21][196] result[True]
FullTestSet: test image[22][203] result[True]
FullTestSet: test image[23][291] result[False]
FullTestSet: test image[24][220] result[True]
FullTestSet: test image[25][228] result[True]
FullTestSet: test image[26][237] result[True]
FullTestSet: test image[27][248] result[True]
FullTestSet: test image[28][253] result[True]
FullTestSet: test image[29][262] result[True]
FullTestSet: test image[30][275] result[True]
FullTestSet: test image[31][282] result[True]
FullTestSet: test image[32][208] result[False]
FullTestSet: test image[33][303] result[True]
FullTestSet: test image[34][312] result[True]
FullTestSet: test image[35][315] result[True]
FullTestSet: test image[36][88] result[False]
FullTestSet: test image[37][334] result[True]
FullTestSet: test image[38][345] result[True]
FullTestSet: test image[39][356] result[True]
FullTestSet: final result[92.50%]
FullTestSet: mean image[0][7] result[True]
FullTestSet: mean image[1][16] result[True]
FullTestSet: mean image[2][23] result[True]
FullTestSet: mean image[3][35] result[True]
FullTestSet: mean image[4][43] result[True]
FullTestSet: mean image[5][45] result[True]
FullTestSet: mean image[6][61] result[True]
FullTestSet: mean image[7][66] result[True]
FullTestSet: mean image[8][75] result[True]
FullTestSet: mean image[9][82] result[True]
FullTestSet: mean image[10][93] result[True]
FullTestSet: mean image[11][105] result[True]
FullTestSet: mean image[12][111] result[True]
FullTestSet: mean image[13][118] result[True]
FullTestSet: mean image[14][131] result[True]
FullTestSet: mean image[15][140] result[True]
FullTestSet: mean image[16][150] result[True]
FullTestSet: mean image[17][159] result[True]
FullTestSet: mean image[18][166] result[True]
FullTestSet: mean image[19][173] result[True]
FullTestSet: mean image[20][183] result[True]
FullTestSet: mean image[21][193] result[True]
FullTestSet: mean image[22][203] result[True]
FullTestSet: mean image[23][208] result[True]
FullTestSet: mean image[24][222] result[True]
FullTestSet: mean image[25][229] result[True]
FullTestSet: mean image[26][241] result[True]
FullTestSet: mean image[27][247] result[True]
FullTestSet: mean image[28][256] result[True]
FullTestSet: mean image[29][262] result[True]
FullTestSet: mean image[30][277] result[True]
FullTestSet: mean image[31][279] result[True]
FullTestSet: mean image[32][292] result[True]
FullTestSet: mean image[33][297] result[True]
FullTestSet: mean image[34][310] result[True]
FullTestSet: mean image[35][321] result[True]
FullTestSet: mean image[36][332] result[True]
FullTestSet: mean image[37][341] result[True]
FullTestSet: mean image[38][345] result[True]
FullTestSet: mean image[39][351] result[True]
FullTestSet: final result[100.00%]
Total Time[0.0077 secs] for action[intialize_mean_images]
Total Time[0.2406 secs] for action[svds]
Total Time[0.2493 secs] for action[initialize]
MeanTestSet: test image[0][0] result[True]
MeanTestSet: test image[1][1] result[True]
MeanTestSet: test image[2][2] result[True]
MeanTestSet: test image[3][3] result[True]
MeanTestSet: test image[4][4] result[True]
MeanTestSet: test image[5][5] result[True]
MeanTestSet: test image[6][6] result[True]
MeanTestSet: test image[7][7] result[True]
MeanTestSet: test image[8][8] result[True]
MeanTestSet: test image[9][9] result[True]
MeanTestSet: test image[10][10] result[True]
MeanTestSet: test image[11][11] result[True]
MeanTestSet: test image[12][12] result[True]
MeanTestSet: test image[13][13] result[True]
MeanTestSet: test image[14][14] result[True]
MeanTestSet: test image[15][15] result[True]
MeanTestSet: test image[16][16] result[True]
MeanTestSet: test image[17][17] result[True]
MeanTestSet: test image[18][18] result[True]
MeanTestSet: test image[19][19] result[True]
MeanTestSet: test image[20][20] result[True]
MeanTestSet: test image[21][21] result[True]
MeanTestSet: test image[22][22] result[True]
MeanTestSet: test image[23][23] result[True]
MeanTestSet: test image[24][24] result[True]
MeanTestSet: test image[25][25] result[True]
MeanTestSet: test image[26][26] result[True]
MeanTestSet: test image[27][27] result[True]
MeanTestSet: test image[28][28] result[True]
MeanTestSet: test image[29][29] result[True]
MeanTestSet: test image[30][30] result[True]
MeanTestSet: test image[31][31] result[True]
MeanTestSet: test image[32][32] result[True]
MeanTestSet: test image[33][33] result[True]
MeanTestSet: test image[34][34] result[True]
MeanTestSet: test image[35][35] result[True]
MeanTestSet: test image[36][36] result[True]
MeanTestSet: test image[37][37] result[True]
MeanTestSet: test image[38][38] result[True]
MeanTestSet: test image[39][39] result[True]
MeanTestSet: final result[100.00%]
